<?xml version="1.0" encoding="UTF-8"?>
<testsuite xmlns:xsi="http://www.w3.org/2001/XMLSchema-instance" xsi:noNamespaceSchemaLocation="https://maven.apache.org/surefire/maven-surefire-plugin/xsd/surefire-test-report.xsd" version="3.0.2" name="com.example.circuitbreaker.CircuitbreakerApplicationTests" time="8.65" tests="1" errors="0" skipped="0" failures="0">
  <properties>
[...]
</properties>
  <testcase name="contextLoads" classname="com.example.circuitbreaker.CircuitbreakerApplicationTests" time="2.157">
    <system-out><![CDATA[18:07:05.115 [main] INFO org.springframework.test.context.support.AnnotationConfigContextLoaderUtils -- Could not detect default configuration classes for test class [com.example.circuitbreaker.CircuitbreakerApplicationTests]: CircuitbreakerApplicationTests does not declare any static, non-private, non-final, nested classes annotated with @Configuration.
18:07:05.362 [main] INFO org.springframework.boot.test.context.SpringBootTestContextBootstrapper -- Found @SpringBootConfiguration com.example.circuitbreaker.CircuitbreakerApplication for test class com.example.circuitbreaker.CircuitbreakerApplicationTests

  .   ____          _            __ _ _
 /\\ / ___'_ __ _ _(_)_ __  __ _ \ \ \ \
( ( )\___ | '_ | '_| | '_ \/ _` | \ \ \ \
 \\/  ___)| |_)| | | | | || (_| |  ) ) ) )
  '  |____| .__|_| |_|_| |_\__, | / / / /
 =========|_|==============|___/=/_/_/_/

 :: Spring Boot ::                (v3.4.3)

2025-02-28T18:07:07.047+05:30  INFO 13352 --- [circuitbreaker] [           main] c.e.c.CircuitbreakerApplicationTests     : Starting CircuitbreakerApplicationTests using Java 17.0.12 with PID 13352 (started by hp in F:\Java_Angular\circuitbreaker)
2025-02-28T18:07:07.047+05:30  INFO 13352 --- [circuitbreaker] [           main] c.e.c.CircuitbreakerApplicationTests     : No active profile set, falling back to 1 default profile: "default"
2025-02-28T18:07:09.096+05:30  INFO 13352 --- [circuitbreaker] [           main] o.s.cloud.context.scope.GenericScope     : BeanFactory id=c93e2501-f788-3445-b6ab-43e1a2d0d966
2025-02-28T18:07:10.965+05:30  INFO 13352 --- [circuitbreaker] [           main] c.e.c.CircuitbreakerApplicationTests     : Started CircuitbreakerApplicationTests in 4.817 seconds (process running for 7.986)
]]></system-out>
  </testcase>
</testsuite>